0 info it worked if it ends with ok
1 verbose cli [ '/opt/local/bin/node',
1 verbose cli   '/opt/local/bin/npm',
1 verbose cli   'install',
1 verbose cli   '-g',
1 verbose cli   'cordova' ]
2 info using npm@2.14.3
3 info using node@v0.12.7
4 verbose install initial load of /opt/local/lib/package.json
5 verbose readDependencies loading dependencies from /opt/local/lib/package.json
6 silly cache add args [ 'cordova', null ]
7 verbose cache add spec cordova
8 silly cache add parsed spec { raw: 'cordova',
8 silly cache add   scope: null,
8 silly cache add   name: 'cordova',
8 silly cache add   rawSpec: '',
8 silly cache add   spec: '*',
8 silly cache add   type: 'range' }
9 silly addNamed cordova@*
10 verbose addNamed "*" is a valid semver range for cordova
11 silly addNameRange { name: 'cordova', range: '*', hasData: false }
12 silly mapToRegistry name cordova
13 silly mapToRegistry using default registry
14 silly mapToRegistry registry https://registry.npmjs.org/
15 silly mapToRegistry uri https://registry.npmjs.org/cordova
16 verbose addNameRange registry:https://registry.npmjs.org/cordova not in flight; fetching
17 verbose request uri https://registry.npmjs.org/cordova
18 verbose request no auth needed
19 info attempt registry request try #1 at 00:50:16
20 verbose request id ae8ca26afca470cb
21 verbose etag "5AD34PGWI01WM0IEWB7RHE7U1"
22 http request GET https://registry.npmjs.org/cordova
23 http 200 https://registry.npmjs.org/cordova
24 silly get cb [ 200,
24 silly get   { server: 'CouchDB/1.5.0 (Erlang OTP/R16B03)',
24 silly get     etag: '"9903S857FRVGJP2UYT35FBB7P"',
24 silly get     'content-type': 'application/json',
24 silly get     'cache-control': 'max-age=60',
24 silly get     'content-length': '367885',
24 silly get     'accept-ranges': 'bytes',
24 silly get     date: 'Sun, 22 Nov 2015 02:50:17 GMT',
24 silly get     via: '1.1 varnish',
24 silly get     age: '0',
24 silly get     connection: 'keep-alive',
24 silly get     'x-served-by': 'cache-sjc3133-SJC',
24 silly get     'x-cache': 'HIT',
24 silly get     'x-cache-hits': '1',
24 silly get     'x-timer': 'S1448160617.563168,VS0,VE91',
24 silly get     vary: 'Accept' } ]
25 verbose get saving cordova to /Users/nataliefernandez/.npm/registry.npmjs.org/cordova/.cache.json
26 silly addNameRange number 2 { name: 'cordova', range: '*', hasData: true }
27 silly addNameRange versions [ 'cordova',
27 silly addNameRange   [ '0.0.1',
27 silly addNameRange     '0.0.2',
27 silly addNameRange     '0.0.3',
27 silly addNameRange     '0.0.4',
27 silly addNameRange     '0.0.5',
27 silly addNameRange     '0.0.6',
27 silly addNameRange     '0.0.7',
27 silly addNameRange     '0.0.8',
27 silly addNameRange     '0.0.9',
27 silly addNameRange     '0.1.0',
27 silly addNameRange     '0.1.1',
27 silly addNameRange     '0.1.2',
27 silly addNameRange     '0.1.3',
27 silly addNameRange     '0.1.4',
27 silly addNameRange     '0.1.5',
27 silly addNameRange     '0.1.6',
27 silly addNameRange     '0.1.7',
27 silly addNameRange     '0.1.8',
27 silly addNameRange     '0.1.9',
27 silly addNameRange     '0.1.10',
27 silly addNameRange     '0.1.11',
27 silly addNameRange     '0.1.12',
27 silly addNameRange     '0.1.13',
27 silly addNameRange     '0.1.14',
27 silly addNameRange     '2.2.0',
27 silly addNameRange     '2.3.0',
27 silly addNameRange     '2.3.1',
27 silly addNameRange     '2.3.2',
27 silly addNameRange     '2.3.3',
27 silly addNameRange     '2.3.5',
27 silly addNameRange     '2.3.6',
27 silly addNameRange     '2.4.0',
27 silly addNameRange     '2.4.1',
27 silly addNameRange     '2.4.2',
27 silly addNameRange     '2.4.3',
27 silly addNameRange     '2.4.4',
27 silly addNameRange     '2.4.5',
27 silly addNameRange     '2.4.6',
27 silly addNameRange     '2.4.7',
27 silly addNameRange     '2.4.8',
27 silly addNameRange     '2.4.9',
27 silly addNameRange     '2.4.10',
27 silly addNameRange     '2.5.0',
27 silly addNameRange     '2.5.2',
27 silly addNameRange     '2.5.3',
27 silly addNameRange     '2.5.4',
27 silly addNameRange     '2.5.5',
27 silly addNameRange     '2.6.0',
27 silly addNameRange     '2.6.1',
27 silly addNameRange     '2.6.2',
27 silly addNameRange     '2.7.0-rc.1',
27 silly addNameRange     '2.7.1-rc.1',
27 silly addNameRange     '2.7.2',
27 silly addNameRange     '2.7.3',
27 silly addNameRange     '2.7.4',
27 silly addNameRange     '2.8.0',
27 silly addNameRange     '2.8.1',
27 silly addNameRange     '2.8.2',
27 silly addNameRange     '2.8.3',
27 silly addNameRange     '2.8.4',
27 silly addNameRange     '2.8.5',
27 silly addNameRange     '2.8.6',
27 silly addNameRange     '2.8.7',
27 silly addNameRange     '2.8.8',
27 silly addNameRange     '2.8.9',
27 silly addNameRange     '2.8.10',
27 silly addNameRange     '2.8.11',
27 silly addNameRange     '2.8.12',
27 silly addNameRange     '2.8.13',
27 silly addNameRange     '2.8.14',
27 silly addNameRange     '2.8.15',
27 silly addNameRange     '2.8.16',
27 silly addNameRange     '2.8.17',
27 silly addNameRange     '2.8.18',
27 silly addNameRange     '2.8.19',
27 silly addNameRange     '2.8.20',
27 silly addNameRange     '2.8.21',
27 silly addNameRange     '2.8.22',
27 silly addNameRange     '2.8.23',
27 silly addNameRange     '2.8.24',
27 silly addNameRange     '2.8.25',
27 silly addNameRange     '2.9.0',
27 silly addNameRange     '2.9.1',
27 silly addNameRange     '2.9.2',
27 silly addNameRange     '2.9.3',
27 silly addNameRange     '2.9.4',
27 silly addNameRange     '2.9.5',
27 silly addNameRange     '2.9.6',
27 silly addNameRange     '2.9.7',
27 silly addNameRange     '3.0.0-rc1',
27 silly addNameRange     '3.0.0-rc1-1',
27 silly addNameRange     '3.0.0-rc1-3',
27 silly addNameRange     '3.0.0',
27 silly addNameRange     '3.0.1',
27 silly addNameRange     '3.0.2',
27 silly addNameRange     '3.0.3',
27 silly addNameRange     '3.0.4',
27 silly addNameRange     '3.0.5',
27 silly addNameRange     '3.0.6',
27 silly addNameRange     '3.0.7',
27 silly addNameRange     '3.0.8',
27 silly addNameRange     '3.0.9',
27 silly addNameRange     '3.0.10',
27 silly addNameRange     '3.1.0-0.1.0',
27 silly addNameRange     '3.1.0-0.2.0',
27 silly addNameRange     '3.2.0-rc.1',
27 silly addNameRange     '3.2.0-0.1.0',
27 silly addNameRange     '3.2.0-0.2.0',
27 silly addNameRange     '3.2.0-0.3.0',
27 silly addNameRange     '3.2.0-0.4.0',
27 silly addNameRange     '3.3.0-rc.1',
27 silly addNameRange     '3.3.0-0.1.1',
27 silly addNameRange     '3.3.1-0.1.2',
27 silly addNameRange     '2.9.0-rc1',
27 silly addNameRange     '3.3.1-0.3.0',
27 silly addNameRange     '3.3.1-0.3.1',
27 silly addNameRange     '3.3.1-0.4.1',
27 silly addNameRange     '3.3.1-0.4.2',
27 silly addNameRange     '3.4.0-0.1.0',
27 silly addNameRange     '3.4.0-0.1.1',
27 silly addNameRange     '3.4.0-0.1.2',
27 silly addNameRange     '3.4.0-0.1.3',
27 silly addNameRange     '0.0.0-fake',
27 silly addNameRange     '3.4.1-0.1.0',
27 silly addNameRange     '3.5.0-0.2.0',
27 silly addNameRange     '3.5.0-0.2.1',
27 silly addNameRange     '3.5.0-0.2.2',
27 silly addNameRange     '3.5.0-0.2.3',
27 silly addNameRange     '3.5.0-0.2.4',
27 silly addNameRange     '3.5.0-0.2.6',
27 silly addNameRange     '3.5.0-0.2.7',
27 silly addNameRange     '3.6.0-0.2.8',
27 silly addNameRange     '3.6.0-0.2.9',
27 silly addNameRange     '3.6.1-0.2.10',
27 silly addNameRange     '3.6.3-0.2.11',
27 silly addNameRange     '3.6.3-0.2.12',
27 silly addNameRange     '3.6.3-0.2.13',
27 silly addNameRange     '4.0.0',
27 silly addNameRange     '4.0.1',
27 silly addNameRange     '4.1.0',
27 silly addNameRange     '4.1.1',
27 silly addNameRange     '4.1.2',
27 silly addNameRange     '4.1.3-nightly.2014.10.21',
27 silly addNameRange     '4.2.0',
27 silly addNameRange     '4.3.0',
27 silly addNameRange     '5.0.0',
27 silly addNameRange     '4.3.1',
27 silly addNameRange     '5.1.1',
27 silly addNameRange     '5.2.0',
27 silly addNameRange     '5.3.1',
27 silly addNameRange     '5.3.3',
27 silly addNameRange     '5.4.0' ] ]
28 silly addNamed cordova@5.4.0
29 verbose addNamed "5.4.0" is a plain semver version for cordova
30 silly cache afterAdd cordova@5.4.0
31 verbose afterAdd /Users/nataliefernandez/.npm/cordova/5.4.0/package/package.json not in flight; writing
32 verbose afterAdd /Users/nataliefernandez/.npm/cordova/5.4.0/package/package.json written
33 silly install resolved [ { name: 'cordova',
33 silly install resolved     version: '5.4.0',
33 silly install resolved     preferGlobal: 'true',
33 silly install resolved     description: 'Cordova command line interface tool',
33 silly install resolved     main: 'cordova',
33 silly install resolved     engines: { node: '>=0.9.9' },
33 silly install resolved     engineStrict: true,
33 silly install resolved     bin: { cordova: './bin/cordova' },
33 silly install resolved     scripts:
33 silly install resolved      { test: 'node node_modules/jasmine-node/bin/jasmine-node --captureExceptions --color spec',
33 silly install resolved        cover: 'node node_modules/istanbul/lib/cli.js cover --root src --print detail node_modules/jasmine-node/bin/jasmine-node -- spec' },
33 silly install resolved     repository:
33 silly install resolved      { type: 'git',
33 silly install resolved        url: 'https://git-wip-us.apache.org/repos/asf/cordova-cli.git' },
33 silly install resolved     bugs:
33 silly install resolved      { url: 'https://issues.apache.org/jira/browse/CB',
33 silly install resolved        email: 'dev@cordova.apache.org' },
33 silly install resolved     keywords: [ 'cordova', 'client', 'cli' ],
33 silly install resolved     dependencies:
33 silly install resolved      { ansi: '^0.3.0',
33 silly install resolved        'cordova-lib': '5.4.0',
33 silly install resolved        q: '1.0.1',
33 silly install resolved        nopt: '3.0.1',
33 silly install resolved        underscore: '1.7.0',
33 silly install resolved        'update-notifier': '^0.5.0' },
33 silly install resolved     devDependencies:
33 silly install resolved      { istanbul: '^0.3.4',
33 silly install resolved        grunt: '0.4.5',
33 silly install resolved        'grunt-retire': '0.3.7',
33 silly install resolved        'jasmine-node': '1.14.5' },
33 silly install resolved     author: { name: 'Anis Kadri' },
33 silly install resolved     contributors:
33 silly install resolved      [ [Object],
33 silly install resolved        [Object],
33 silly install resolved        [Object],
33 silly install resolved        [Object],
33 silly install resolved        [Object],
33 silly install resolved        [Object],
33 silly install resolved        [Object],
33 silly install resolved        [Object],
33 silly install resolved        [Object],
33 silly install resolved        [Object],
33 silly install resolved        [Object],
33 silly install resolved        [Object],
33 silly install resolved        [Object],
33 silly install resolved        [Object],
33 silly install resolved        [Object],
33 silly install resolved        [Object],
33 silly install resolved        [Object],
33 silly install resolved        [Object],
33 silly install resolved        [Object],
33 silly install resolved        [Object],
33 silly install resolved        [Object],
33 silly install resolved        [Object],
33 silly install resolved        [Object],
33 silly install resolved        [Object] ],
33 silly install resolved     license: 'Apache version 2.0',
33 silly install resolved     _id: 'cordova@5.4.0',
33 silly install resolved     _shasum: '2ed2255c2d73c713053e84df0de24caf73502659',
33 silly install resolved     _resolved: 'https://registry.npmjs.org/cordova/-/cordova-5.4.0.tgz',
33 silly install resolved     _from: 'cordova@*',
33 silly install resolved     _npmVersion: '2.14.2',
33 silly install resolved     _nodeVersion: '0.10.36',
33 silly install resolved     _npmUser: { name: 'stevegill', email: 'stevengill97@gmail.com' },
33 silly install resolved     dist:
33 silly install resolved      { shasum: '2ed2255c2d73c713053e84df0de24caf73502659',
33 silly install resolved        tarball: 'http://registry.npmjs.org/cordova/-/cordova-5.4.0.tgz' },
33 silly install resolved     maintainers:
33 silly install resolved      [ [Object],
33 silly install resolved        [Object],
33 silly install resolved        [Object],
33 silly install resolved        [Object],
33 silly install resolved        [Object],
33 silly install resolved        [Object],
33 silly install resolved        [Object],
33 silly install resolved        [Object],
33 silly install resolved        [Object],
33 silly install resolved        [Object],
33 silly install resolved        [Object],
33 silly install resolved        [Object],
33 silly install resolved        [Object],
33 silly install resolved        [Object],
33 silly install resolved        [Object],
33 silly install resolved        [Object],
33 silly install resolved        [Object],
33 silly install resolved        [Object] ],
33 silly install resolved     directories: {},
33 silly install resolved     readme: 'ERROR: No README data found!' } ]
34 info install cordova@5.4.0 into /opt/local/lib
35 info installOne cordova@5.4.0
36 verbose installOne of cordova to /opt/local/lib not in flight; installing
37 verbose lock using /Users/nataliefernandez/.npm/_locks/cordova-06b22d90aac833e2.lock for /opt/local/lib/node_modules/cordova
38 silly install write writing cordova 5.4.0 to /opt/local/lib/node_modules/cordova
39 verbose unbuild lib/node_modules/cordova
40 silly gentlyRm /opt/local/lib/node_modules/cordova is being purged from base /opt/local
41 verbose gentlyRm don't care about contents; nuking /opt/local/lib/node_modules/cordova
42 verbose tar unpack /Users/nataliefernandez/.npm/cordova/5.4.0/package.tgz
43 verbose tar unpacking to /opt/local/lib/node_modules/cordova
44 silly gentlyRm /opt/local/lib/node_modules/cordova is being purged
45 verbose gentlyRm don't care about contents; nuking /opt/local/lib/node_modules/cordova
46 silly gunzTarPerm modes [ '755', '644' ]
47 error tar.unpack untar error /Users/nataliefernandez/.npm/cordova/5.4.0/package.tgz
48 verbose unlock done using /Users/nataliefernandez/.npm/_locks/cordova-06b22d90aac833e2.lock for /opt/local/lib/node_modules/cordova
49 verbose fstream_path /opt/local/lib/node_modules/cordova
50 verbose fstream_type Directory
51 verbose fstream_class DirWriter
52 verbose stack Error: EACCES, mkdir '/opt/local/lib/node_modules/cordova'
52 verbose stack     at Error (native)
53 verbose fstream_stack /opt/local/lib/node_modules/npm/node_modules/fstream/lib/dir-writer.js:35:25
53 verbose fstream_stack /opt/local/lib/node_modules/npm/node_modules/mkdirp/index.js:47:53
53 verbose fstream_stack FSReqWrap.oncomplete (fs.js:95:15)
54 verbose cwd /Users/nataliefernandez/Desktop/IHC_2
55 error Darwin 14.5.0
56 error argv "/opt/local/bin/node" "/opt/local/bin/npm" "install" "-g" "cordova"
57 error node v0.12.7
58 error npm  v2.14.3
59 error path /opt/local/lib/node_modules/cordova
60 error code EACCES
61 error errno -13
62 error Error: EACCES, mkdir '/opt/local/lib/node_modules/cordova'
62 error     at Error (native)
62 error  { [Error: EACCES, mkdir '/opt/local/lib/node_modules/cordova']
62 error   errno: -13,
62 error   code: 'EACCES',
62 error   path: '/opt/local/lib/node_modules/cordova',
62 error   fstream_type: 'Directory',
62 error   fstream_path: '/opt/local/lib/node_modules/cordova',
62 error   fstream_class: 'DirWriter',
62 error   fstream_stack:
62 error    [ '/opt/local/lib/node_modules/npm/node_modules/fstream/lib/dir-writer.js:35:25',
62 error      '/opt/local/lib/node_modules/npm/node_modules/mkdirp/index.js:47:53',
62 error      'FSReqWrap.oncomplete (fs.js:95:15)' ] }
63 error Please try running this command again as root/Administrator.
64 verbose exit [ -13, true ]
65 verbose unbuild lib/node_modules/cordova
66 silly gentlyRm /opt/local/lib/node_modules/cordova is being purged from base /opt/local
67 verbose gentlyRm don't care about contents; nuking /opt/local/lib/node_modules/cordova
